<?xml version="1.0" encoding="UTF-8"?>
<testng-results skipped="0" failed="0" total="4" passed="4">
  <reporter-output>
  </reporter-output>
  <suite name="Default suite" duration-ms="17914" started-at="2020-07-12T23:43:33Z" finished-at="2020-07-12T23:43:51Z">
    <groups>
    </groups>
    <test name="Default test" duration-ms="17914" started-at="2020-07-12T23:43:33Z" finished-at="2020-07-12T23:43:51Z">
      <class name="ActionItem_Dec2019.MortgageTestNg">
        <test-method status="PASS" signature="OpenBrowser()[pri:0, instance:ActionItem_Dec2019.MortgageTestNg@4520ebad]" name="OpenBrowser" is-config="true" duration-ms="7007" started-at="2020-07-12T19:43:33Z" finished-at="2020-07-12T19:43:40Z">
          <reporter-output>
          </reporter-output>
        </test-method> <!-- OpenBrowser -->
        <test-method status="PASS" signature="creditScore()[pri:0, instance:ActionItem_Dec2019.MortgageTestNg@4520ebad]" name="creditScore" duration-ms="3018" started-at="2020-07-12T19:43:40Z" description="This is a mandatory step" finished-at="2020-07-12T19:43:43Z">
          <reporter-output>
          </reporter-output>
        </test-method> <!-- creditScore -->
        <test-method status="PASS" signature="HomeValue()[pri:1, instance:ActionItem_Dec2019.MortgageTestNg@4520ebad]" name="HomeValue" duration-ms="746" started-at="2020-07-12T19:43:43Z" description="This is a mandatory step" finished-at="2020-07-12T19:43:43Z">
          <reporter-output>
          </reporter-output>
        </test-method> <!-- HomeValue -->
        <test-method status="PASS" signature="loanTerm()[pri:2, instance:ActionItem_Dec2019.MortgageTestNg@4520ebad]" name="loanTerm" duration-ms="942" started-at="2020-07-12T19:43:43Z" description="This is a mandatory step" finished-at="2020-07-12T19:43:44Z">
          <reporter-output>
          </reporter-output>
        </test-method> <!-- loanTerm -->
        <test-method status="PASS" signature="calculateButton()[pri:3, instance:ActionItem_Dec2019.MortgageTestNg@4520ebad]" name="calculateButton" duration-ms="5774" started-at="2020-07-12T19:43:44Z" finished-at="2020-07-12T19:43:50Z">
          <reporter-output>
          </reporter-output>
        </test-method> <!-- calculateButton -->
        <test-method status="PASS" signature="CloseBrowser()[pri:0, instance:ActionItem_Dec2019.MortgageTestNg@4520ebad]" name="CloseBrowser" is-config="true" duration-ms="392" started-at="2020-07-12T19:43:50Z" finished-at="2020-07-12T19:43:51Z">
          <reporter-output>
          </reporter-output>
        </test-method> <!-- CloseBrowser -->
      </class> <!-- ActionItem_Dec2019.MortgageTestNg -->
    </test> <!-- Default test -->
  </suite> <!-- Default suite -->
</testng-results>
